生成启动时间为 2016/11/15 0:32:55。
     1>项目“C:\Users\马一宁\Desktop\计算智能\GeneticAlgorithm-Simple\GeneticAlgorithm-Simple\GeneticAlgorithm-Simple.vcxproj”在节点 2 上(build 个目标)。
     1>InitializeBuildStatus:
         正在创建“Debug\GeneticAlgorithm-Simple.unsuccessfulbuild”，因为已指定“AlwaysCreate”。
       ClCompile:
         C:\Program Files (x86)\Microsoft Visual Studio 10.0\VC\bin\CL.exe /c /ZI /nologo /W3 /WX- /Od /Oy- /D _MBCS /Gm /EHsc /RTC1 /MDd /GS /fp:precise /Zc:wchar_t /Zc:forScope /Fo"Debug\\" /Fd"Debug\vc100.pdb" /Gd /TP /analyze- /errorReport:prompt GA_c++.cpp
         GA_c++.cpp
     1>c:\users\马一宁\desktop\计算智能\geneticalgorithm-simple\geneticalgorithm-simple\ga_c++.cpp(418): warning C4101: “pc”: 未引用的局部变量
     1>c:\users\马一宁\desktop\计算智能\geneticalgorithm-simple\geneticalgorithm-simple\ga_c++.cpp(418): warning C4101: “pm”: 未引用的局部变量
     1>c:\users\马一宁\desktop\计算智能\geneticalgorithm-simple\geneticalgorithm-simple\ga_c++.cpp(417): warning C4101: “sg”: 未引用的局部变量
     1>c:\users\马一宁\desktop\计算智能\geneticalgorithm-simple\geneticalgorithm-simple\ga_c++.cpp(417): warning C4101: “mg”: 未引用的局部变量
     1>c:\users\马一宁\desktop\计算智能\geneticalgorithm-simple\geneticalgorithm-simple\ga_c++.cpp(417): warning C4101: “sc”: 未引用的局部变量
     1>c:\users\马一宁\desktop\计算智能\geneticalgorithm-simple\geneticalgorithm-simple\ga_c++.cpp(55): warning C4244: “参数”: 从“time_t”转换到“unsigned int”，可能丢失数据
                 c:\users\马一宁\desktop\计算智能\geneticalgorithm-simple\geneticalgorithm-simple\ga_c++.cpp(45): 编译类 模板 成员函数“GAalg<T>::GAalg(int,int,int,double,double)”时
                 with
                 [
                     T=double
                 ]
                 c:\users\马一宁\desktop\计算智能\geneticalgorithm-simple\geneticalgorithm-simple\ga_c++.cpp(371): 参见对正在编译的类 模板 实例化“GAalg<T>”的引用
                 with
                 [
                     T=double
                 ]
     1>c:\users\马一宁\desktop\计算智能\geneticalgorithm-simple\geneticalgorithm-simple\ga_c++.cpp(274): warning C4244: “参数”: 从“double”转换到“int”，可能丢失数据
                 c:\users\马一宁\desktop\计算智能\geneticalgorithm-simple\geneticalgorithm-simple\ga_c++.cpp(249): 编译类 模板 成员函数“void GAalg<T>::CrossoverOperator(void)”时
                 with
                 [
                     T=double
                 ]
     1>c:\users\马一宁\desktop\计算智能\geneticalgorithm-simple\geneticalgorithm-simple\ga_c++.cpp(274): warning C4244: “参数”: 从“double”转换到“int”，可能丢失数据
     1>c:\users\马一宁\desktop\计算智能\geneticalgorithm-simple\geneticalgorithm-simple\ga_c++.cpp(281): warning C4101: “i”: 未引用的局部变量
                 c:\users\马一宁\desktop\计算智能\geneticalgorithm-simple\geneticalgorithm-simple\ga_c++.cpp(279): 编译类 模板 成员函数“void GAalg<T>::MutationOperator(void)”时
                 with
                 [
                     T=double
                 ]
     1>c:\users\马一宁\desktop\计算智能\geneticalgorithm-simple\geneticalgorithm-simple\ga_c++.cpp(281): warning C4101: “j”: 未引用的局部变量
       Link:
         C:\Program Files (x86)\Microsoft Visual Studio 10.0\VC\bin\link.exe /ERRORREPORT:PROMPT /OUT:"C:\Users\马一宁\Desktop\计算智能\GeneticAlgorithm-Simple\Debug\GeneticAlgorithm-Simple.exe" /NOLOGO kernel32.lib user32.lib gdi32.lib winspool.lib comdlg32.lib advapi32.lib shell32.lib ole32.lib oleaut32.lib uuid.lib odbc32.lib odbccp32.lib /MANIFEST /ManifestFile:"Debug\GeneticAlgorithm-Simple.exe.intermediate.manifest" /MANIFESTUAC:"level='asInvoker' uiAccess='false'" /DEBUG /PDB:"C:\Users\马一宁\Desktop\计算智能\GeneticAlgorithm-Simple\Debug\GeneticAlgorithm-Simple.pdb" /TLBID:1 /DYNAMICBASE /NXCOMPAT /IMPLIB:"C:\Users\马一宁\Desktop\计算智能\GeneticAlgorithm-Simple\Debug\GeneticAlgorithm-Simple.lib" /MACHINE:X86 Debug\GA_c++.obj
         LINK : 没有找到 C:\Users\马一宁\Desktop\计算智能\GeneticAlgorithm-Simple\Debug\GeneticAlgorithm-Simple.exe 或上一个增量链接没有生成它；正在执行完全链接
         GeneticAlgorithm-Simple.vcxproj -> C:\Users\马一宁\Desktop\计算智能\GeneticAlgorithm-Simple\Debug\GeneticAlgorithm-Simple.exe
       Manifest:
         C:\Program Files (x86)\Microsoft SDKs\Windows\v7.0A\bin\mt.exe /nologo /verbose /outputresource:"C:\Users\马一宁\Desktop\计算智能\GeneticAlgorithm-Simple\Debug\GeneticAlgorithm-Simple.exe;#1" /manifest "Debug\GeneticAlgorithm-Simple.exe.intermediate.manifest"
       FinalizeBuildStatus:
         正在删除文件“Debug\GeneticAlgorithm-Simple.unsuccessfulbuild”。
         正在对“Debug\GeneticAlgorithm-Simple.lastbuildstate”执行 Touch 任务。
     1>已完成生成项目“C:\Users\马一宁\Desktop\计算智能\GeneticAlgorithm-Simple\GeneticAlgorithm-Simple\GeneticAlgorithm-Simple.vcxproj”(build 个目标)的操作。

生成成功。

已用时间 00:00:00.89
